<?xml version="1.0" encoding="UTF-8"?>
<coverage generated="1667921233768" clover="3.2.0">
  <project timestamp="1667921233768" name="All files">
    <metrics statements="2" coveredstatements="2" conditionals="4" coveredconditionals="3" methods="2" coveredmethods="1" elements="8" coveredelements="6" complexity="0" loc="2" ncloc="2" packages="1" files="1" classes="1"/>
    <file name="foo.ts" path="/Users/paulmartins/git/coveralls-test/foo.ts">
      <metrics statements="2" coveredstatements="2" conditionals="4" coveredconditionals="3" methods="2" coveredmethods="1"/>
      <line num="6" count="1" type="cond" truecount="3" falsecount="1"/>
      <line num="8" count="1" type="stmt"/>
    </file>
  </project>
</coverage>
