{"/Users/paulmartins/git/coveralls-test/foo.ts": {"path":"/Users/paulmartins/git/coveralls-test/foo.ts","statementMap":{"0":{"start":{"line":6,"column":29},"end":{"line":6,"column":null}},"1":{"start":{"line":6,"column":44},"end":{"line":6,"column":null}},"2":{"start":{"line":6,"column":13},"end":{"line":6,"column":25}},"3":{"start":{"line":8,"column":24},"end":{"line":8,"column":null}},"4":{"start":{"line":8,"column":39},"end":{"line":8,"column":null}},"5":{"start":{"line":8,"column":13},"end":{"line":8,"column":20}}},"fnMap":{"0":{"name":"(anonymous_0)","decl":{"start":{"line":6,"column":29},"end":{"line":6,"column":44}},"loc":{"start":{"line":6,"column":44},"end":{"line":6,"column":null}}},"1":{"name":"(anonymous_1)","decl":{"start":{"line":8,"column":24},"end":{"line":8,"column":39}},"loc":{"start":{"line":8,"column":39},"end":{"line":8,"column":null}}}},"branchMap":{"0":{"loc":{"start":{"line":6,"column":48},"end":{"line":6,"column":50}},"type":"cond-expr","locations":[{"start":{"line":6,"column":48},"end":{"line":6,"column":50}},{"start":{"line":6,"column":44},"end":{"line":6,"column":null}}]},"1":{"loc":{"start":{"line":6,"column":44},"end":{"line":6,"column":50}},"type":"binary-expr","locations":[{"start":{"line":6,"column":44},"end":{"line":6,"column":50}},{"start":{"line":6,"column":44},"end":{"line":6,"column":50}}]}},"s":{"0":1,"1":1,"2":1,"3":1,"4":0,"5":1},"f":{"0":1,"1":0},"b":{"0":[0,1],"1":[1,1]}}
}
